<?xml version="1.0" encoding="UTF-8"?>
<!-- Generated by org.testng.reporters.JUnitReportReporter -->
<testsuite hostname="DESKTOP-UKG334R" failures="0" tests="2" name="runner.TestRunner" time="27.010" errors="0" timestamp="02 May 2023 07:16:06 GMT" skipped="0">
  <testcase classname="runner.TestRunner" name="runScenario" time="10.569"/>
  <testcase classname="runner.TestRunner" name="runScenario" time="16.441"/>
</testsuite> <!-- runner.TestRunner -->
