<?xml version="1.0" encoding="UTF-8"?>
<!-- Generated by org.testng.reporters.JUnitReportReporter -->
<testsuite hostname="DESKTOP-UKG334R" failures="0" tests="2" name="runner.TestRunner" time="63.919" errors="0" timestamp="01 May 2023 19:57:55 GMT" skipped="0">
  <testcase classname="runner.TestRunner" name="runScenario" time="28.900"/>
  <testcase classname="runner.TestRunner" name="runScenario" time="35.019"/>
</testsuite> <!-- runner.TestRunner -->
