<?xml version="1.0" encoding="UTF-8"?>
<!-- Generated by org.testng.reporters.JUnitReportReporter -->
<testsuite hostname="DESKTOP-UKG334R" failures="0" tests="2" name="runner.TestRunner" time="39.432" errors="0" timestamp="02 May 2023 08:05:35 GMT" skipped="0">
  <testcase classname="runner.TestRunner" name="runScenario" time="26.018"/>
  <testcase classname="runner.TestRunner" name="runScenario" time="13.414"/>
</testsuite> <!-- runner.TestRunner -->
