<?xml version="1.0" encoding="UTF-8"?>
<!-- Generated by org.testng.reporters.JUnitReportReporter -->
<testsuite hostname="DESKTOP-UKG334R" failures="0" tests="2" name="runner.TestRunner" time="56.073" errors="0" timestamp="05 May 2023 12:40:32 GMT" skipped="0">
  <testcase classname="runner.TestRunner" name="runScenario" time="34.561"/>
  <testcase classname="runner.TestRunner" name="runScenario" time="21.512"/>
</testsuite> <!-- runner.TestRunner -->
